<?xml version="1.0" encoding="UTF-8"?>
<!-- Generated by org.testng.reporters.JUnitReportReporter -->
<testsuite hostname="DESKTOP-BNLDEMC" failures="0" tests="1" name="com.test.testUtilities.Reporter" time="3.240" errors="0" timestamp="2024-06-27T10:35:55 IST" skipped="0">
  <testcase classname="com.test.testUtilities.Reporter" name="Report" time="3.240"/>
</testsuite> <!-- com.test.testUtilities.Reporter -->
