<?xml version="1.0" encoding="UTF-8"?>
<!-- Generated by org.testng.reporters.JUnitReportReporter -->
<testsuite hostname="DESKTOP-BNLDEMC" failures="0" tests="1" name="com.test.testCases.LoginTest_001" time="59.593" errors="0" timestamp="2024-06-27T13:39:52 IST" skipped="0">
  <testcase classname="com.test.testCases.LoginTest_001" name="loginTest" time="59.593"/>
</testsuite> <!-- com.test.testCases.LoginTest_001 -->
